<?xml version="1.0" encoding="UTF-8"?>
<testng-results skipped="0" failed="0" ignored="0" total="1" passed="1">
  <reporter-output>
  </reporter-output>
  <suite name="Suite" duration-ms="99911" started-at="2019-09-08T10:31:02Z" finished-at="2019-09-08T10:32:42Z">
    <groups>
    </groups>
    <test name="Test" duration-ms="99911" started-at="2019-09-08T10:31:02Z" finished-at="2019-09-08T10:32:42Z">
      <class name="org.testleaf.zoomcar.teatcases.ZoomCarTC001">
        <test-method status="PASS" signature="startApp()[pri:0, instance:org.testleaf.zoomcar.teatcases.ZoomCarTC001@337d0578]" name="startApp" is-config="true" duration-ms="13577" started-at="2019-09-08T10:31:02Z" finished-at="2019-09-08T10:31:16Z">
          <reporter-output>
          </reporter-output>
        </test-method> <!-- startApp -->
        <test-method status="PASS" signature="findNameCar()[pri:0, instance:org.testleaf.zoomcar.teatcases.ZoomCarTC001@337d0578]" name="findNameCar" duration-ms="86313" started-at="2019-09-08T10:31:16Z" finished-at="2019-09-08T10:32:42Z">
          <reporter-output>
          </reporter-output>
        </test-method> <!-- findNameCar -->
      </class> <!-- org.testleaf.zoomcar.teatcases.ZoomCarTC001 -->
    </test> <!-- Test -->
  </suite> <!-- Suite -->
</testng-results>
