<?xml version="1.0" encoding="UTF-8"?>
<testng-results skipped="0" failed="0" ignored="0" total="1" passed="1">
  <reporter-output>
  </reporter-output>
  <suite name="Suite" duration-ms="30261" started-at="2019-09-08T10:28:56Z" finished-at="2019-09-08T10:29:26Z">
    <groups>
    </groups>
    <test name="Test" duration-ms="30261" started-at="2019-09-08T10:28:56Z" finished-at="2019-09-08T10:29:26Z">
      <class name="org.testleaf.zoomcar.teatcases.ZoomCarTC001">
        <test-method status="PASS" signature="startApp()[pri:0, instance:org.testleaf.zoomcar.teatcases.ZoomCarTC001@239963d8]" name="startApp" is-config="true" duration-ms="10629" started-at="2019-09-08T10:28:56Z" finished-at="2019-09-08T10:29:07Z">
          <reporter-output>
          </reporter-output>
        </test-method> <!-- startApp -->
        <test-method status="PASS" signature="findNameCar()[pri:0, instance:org.testleaf.zoomcar.teatcases.ZoomCarTC001@239963d8]" name="findNameCar" duration-ms="19570" started-at="2019-09-08T10:29:07Z" finished-at="2019-09-08T10:29:26Z">
          <reporter-output>
          </reporter-output>
        </test-method> <!-- findNameCar -->
      </class> <!-- org.testleaf.zoomcar.teatcases.ZoomCarTC001 -->
    </test> <!-- Test -->
  </suite> <!-- Suite -->
</testng-results>
